[0m[[0m[0mdebug[0m] [0m[0m> Exec(;Test/compile; collectAnalyses, None, Some(CommandSource(network-1)))[0m
[0m[[0m[0mdebug[0m] [0m[0munmatched Processing event for requestId None: None[0m
[0m[[0m[0mdebug[0m] [0m[0munmatched Done event for requestId None: None[0m
[0m[[0m[0mdebug[0m] [0m[0m> Exec(Test/compile, None, Some(CommandSource(network-1)))[0m
[0m[[0m[0mdebug[0m] [0m[0munmatched Processing event for requestId None: None[0m
[0m[[0m[0mdebug[0m] [0m[0mEvaluating tasks: Test / compile[0m
[0m[[0m[0mdebug[0m] [0m[0mRunning task... Cancel: Signal, check cycles: false, forcegc: true[0m
[0m[[0m[0mdebug[0m] [0m[0mjsonRpcNotify: JsonRpcNotificationMessage(2.0, build/taskStart, {"taskId":{"id":"4","parents":[]},"eventTime":1634569182630,"message":"Compiling project-zero","dataKind":"compile-task","data":{"target":{"uri":"file:/C:/Users/amosc/Documents/Work/pzero/project-zero/#project-zero/Compile"}}})[0m
[0m[[0m[0minfo[0m] [0m[0mcompiling 2 Scala sources to C:\Users\amosc\Documents\Work\pzero\project-zero\target\scala-2.13\classes ...[0m
[0m[[0m[0mdebug[0m] [0m[0mjsonRpcNotify: JsonRpcNotificationMessage(2.0, build/logMessage, {"type":3,"message":"compiling 2 Scala sources to C:\\Users\\amosc\\Documents\\Work\\pzero\\project-zero\\target\\scala-2.13\\classes ..."})[0m
[0m[[0m[0mdebug[0m] [0m[0mjsonRpcNotify: JsonRpcNotificationMessage(2.0, build/publishDiagnostics, {"textDocument":{"uri":"file:///C:/Users/amosc/Documents/Work/pzero/project-zero/src/main/scala/Helpers.scala"},"buildTarget":{"uri":"file:/C:/Users/amosc/Documents/Work/pzero/project-zero/#project-zero/Compile"},"diagnostics":[{"range":{"start":{"line":7,"character":11},"end":{"line":7,"character":12}},"severity":1,"source":"sbt","message":"object mongodb is not a member of package org"}],"reset":false})[0m
[0m[[0m[31merror[0m] [0m[0mC:\Users\amosc\Documents\Work\pzero\project-zero\src\main\scala\Helpers.scala:8:12: object mongodb is not a member of package org[0m
[0m[[0m[31merror[0m] [0m[0mimport org.mongodb.scala._[0m
[0m[[0m[31merror[0m] [0m[0m           ^[0m
[0m[[0m[0mdebug[0m] [0m[0mjsonRpcNotify: JsonRpcNotificationMessage(2.0, build/logMessage, {"type":1,"message":"C:\\Users\\amosc\\Documents\\Work\\pzero\\project-zero\\src\\main\\scala\\Helpers.scala:8:12: object mongodb is not a member of package org"})[0m
[0m[[0m[0mdebug[0m] [0m[0mjsonRpcNotify: JsonRpcNotificationMessage(2.0, build/logMessage, {"type":1,"message":"import org.mongodb.scala._"})[0m
[0m[[0m[0mdebug[0m] [0m[0mjsonRpcNotify: JsonRpcNotificationMessage(2.0, build/logMessage, {"type":1,"message":"           ^"})[0m
[0m[[0m[0mdebug[0m] [0m[0mjsonRpcNotify: JsonRpcNotificationMessage(2.0, build/publishDiagnostics, {"textDocument":{"uri":"file:///C:/Users/amosc/Documents/Work/pzero/project-zero/src/main/scala/Helpers.scala"},"buildTarget":{"uri":"file:/C:/Users/amosc/Documents/Work/pzero/project-zero/#project-zero/Compile"},"diagnostics":[{"range":{"start":{"line":11,"character":104},"end":{"line":11,"character":105}},"severity":1,"source":"sbt","message":"not found: type Document"}],"reset":false})[0m
[0m[[0m[31merror[0m] [0m[0mC:\Users\amosc\Documents\Work\pzero\project-zero\src\main\scala\Helpers.scala:12:105: not found: type Document[0m
[0m[[0m[31merror[0m] [0m[0m  implicit class DocumentObservable[C](val observable: Observable[Document]) extends ImplicitObservable[Document] {[0m
[0m[[0m[31merror[0m] [0m[0m                                                                                                        ^[0m
[0m[[0m[0mdebug[0m] [0m[0mjsonRpcNotify: JsonRpcNotificationMessage(2.0, build/logMessage, {"type":1,"message":"C:\\Users\\amosc\\Documents\\Work\\pzero\\project-zero\\src\\main\\scala\\Helpers.scala:12:105: not found: type Document"})[0m
[0m[[0m[0mdebug[0m] [0m[0mjsonRpcNotify: JsonRpcNotificationMessage(2.0, build/logMessage, {"type":1,"message":"  implicit class DocumentObservable[C](val observable: Observable[Document]) extends ImplicitObservable[Document] {"})[0m
[0m[[0m[0mdebug[0m] [0m[0mjsonRpcNotify: JsonRpcNotificationMessage(2.0, build/logMessage, {"type":1,"message":"                                                                                                        ^"})[0m
[0m[[0m[0mdebug[0m] [0m[0mjsonRpcNotify: JsonRpcNotificationMessage(2.0, build/publishDiagnostics, {"textDocument":{"uri":"file:///C:/Users/amosc/Documents/Work/pzero/project-zero/src/main/scala/Helpers.scala"},"buildTarget":{"uri":"file:/C:/Users/amosc/Documents/Work/pzero/project-zero/#project-zero/Compile"},"diagnostics":[{"range":{"start":{"line":11,"character":55},"end":{"line":11,"character":56}},"severity":1,"source":"sbt","message":"not found: type Observable"}],"reset":false})[0m
[0m[[0m[31merror[0m] [0m[0mC:\Users\amosc\Documents\Work\pzero\project-zero\src\main\scala\Helpers.scala:12:56: not found: type Observable[0m
[0m[[0m[31merror[0m] [0m[0m  implicit class DocumentObservable[C](val observable: Observable[Document]) extends ImplicitObservable[Document] {[0m
[0m[[0m[31merror[0m] [0m[0m                                                       ^[0m
[0m[[0m[0mdebug[0m] [0m[0mjsonRpcNotify: JsonRpcNotificationMessage(2.0, build/logMessage, {"type":1,"message":"C:\\Users\\amosc\\Documents\\Work\\pzero\\project-zero\\src\\main\\scala\\Helpers.scala:12:56: not found: type Observable"})[0m
[0m[[0m[0mdebug[0m] [0m[0mjsonRpcNotify: JsonRpcNotificationMessage(2.0, build/logMessage, {"type":1,"message":"  implicit class DocumentObservable[C](val observable: Observable[Document]) extends ImplicitObservable[Document] {"})[0m
[0m[[0m[0mdebug[0m] [0m[0mjsonRpcNotify: JsonRpcNotificationMessage(2.0, build/logMessage, {"type":1,"message":"                                                       ^"})[0m
[0m[[0m[0mdebug[0m] [0m[0mjsonRpcNotify: JsonRpcNotificationMessage(2.0, build/publishDiagnostics, {"textDocument":{"uri":"file:///C:/Users/amosc/Documents/Work/pzero/project-zero/src/main/scala/Helpers.scala"},"buildTarget":{"uri":"file:/C:/Users/amosc/Documents/Work/pzero/project-zero/#project-zero/Compile"},"diagnostics":[{"range":{"start":{"line":12,"character":29},"end":{"line":12,"character":30}},"severity":1,"source":"sbt","message":"not found: type Document"}],"reset":false})[0m
[0m[[0m[31merror[0m] [0m[0mC:\Users\amosc\Documents\Work\pzero\project-zero\src\main\scala\Helpers.scala:13:30: not found: type Document[0m
[0m[[0m[31merror[0m] [0m[0m    override val converter: (Document) => String = (doc) => doc.toJson[0m
[0m[[0m[31merror[0m] [0m[0m                             ^[0m
[0m[[0m[0mdebug[0m] [0m[0mjsonRpcNotify: JsonRpcNotificationMessage(2.0, build/logMessage, {"type":1,"message":"C:\\Users\\amosc\\Documents\\Work\\pzero\\project-zero\\src\\main\\scala\\Helpers.scala:13:30: not found: type Document"})[0m
[0m[[0m[0mdebug[0m] [0m[0mjsonRpcNotify: JsonRpcNotificationMessage(2.0, build/logMessage, {"type":1,"message":"    override val converter: (Document) => String = (doc) => doc.toJson"})[0m
[0m[[0m[0mdebug[0m] [0m[0mjsonRpcNotify: JsonRpcNotificationMessage(2.0, build/logMessage, {"type":1,"message":"                             ^"})[0m
[0m[[0m[0mdebug[0m] [0m[0mjsonRpcNotify: JsonRpcNotificationMessage(2.0, build/publishDiagnostics, {"textDocument":{"uri":"file:///C:/Users/amosc/Documents/Work/pzero/project-zero/src/main/scala/Helpers.scala"},"buildTarget":{"uri":"file:/C:/Users/amosc/Documents/Work/pzero/project-zero/#project-zero/Compile"},"diagnostics":[{"range":{"start":{"line":15,"character":54},"end":{"line":15,"character":55}},"severity":1,"source":"sbt","message":"not found: type Observable"}],"reset":false})[0m
[0m[[0m[31merror[0m] [0m[0mC:\Users\amosc\Documents\Work\pzero\project-zero\src\main\scala\Helpers.scala:16:55: not found: type Observable[0m
[0m[[0m[31merror[0m] [0m[0m  implicit class GenericObservable[C](val observable: Observable[C]) extends ImplicitObservable[C] {[0m
[0m[[0m[31merror[0m] [0m[0m                                                      ^[0m
[0m[[0m[0mdebug[0m] [0m[0mjsonRpcNotify: JsonRpcNotificationMessage(2.0, build/logMessage, {"type":1,"message":"C:\\Users\\amosc\\Documents\\Work\\pzero\\project-zero\\src\\main\\scala\\Helpers.scala:16:55: not found: type Observable"})[0m
[0m[[0m[0mdebug[0m] [0m[0mjsonRpcNotify: JsonRpcNotificationMessage(2.0, build/logMessage, {"type":1,"message":"  implicit class GenericObservable[C](val observable: Observable[C]) extends ImplicitObservable[C] {"})[0m
[0m[[0m[0mdebug[0m] [0m[0mjsonRpcNotify: JsonRpcNotificationMessage(2.0, build/logMessage, {"type":1,"message":"                                                      ^"})[0m
[0m[[0m[0mdebug[0m] [0m[0mjsonRpcNotify: JsonRpcNotificationMessage(2.0, build/publishDiagnostics, {"textDocument":{"uri":"file:///C:/Users/amosc/Documents/Work/pzero/project-zero/src/main/scala/Helpers.scala"},"buildTarget":{"uri":"file:/C:/Users/amosc/Documents/Work/pzero/project-zero/#project-zero/Compile"},"diagnostics":[{"range":{"start":{"line":20,"character":20},"end":{"line":20,"character":21}},"severity":1,"source":"sbt","message":"not found: type Observable"}],"reset":false})[0m
[0m[[0m[31merror[0m] [0m[0mC:\Users\amosc\Documents\Work\pzero\project-zero\src\main\scala\Helpers.scala:21:21: not found: type Observable[0m
[0m[[0m[31merror[0m] [0m[0m    val observable: Observable[C][0m
[0m[[0m[31merror[0m] [0m[0m                    ^[0m
[0m[[0m[0mdebug[0m] [0m[0mjsonRpcNotify: JsonRpcNotificationMessage(2.0, build/logMessage, {"type":1,"message":"C:\\Users\\amosc\\Documents\\Work\\pzero\\project-zero\\src\\main\\scala\\Helpers.scala:21:21: not found: type Observable"})[0m
[0m[[0m[0mdebug[0m] [0m[0mjsonRpcNotify: JsonRpcNotificationMessage(2.0, build/logMessage, {"type":1,"message":"    val observable: Observable[C]"})[0m
[0m[[0m[0mdebug[0m] [0m[0mjsonRpcNotify: JsonRpcNotificationMessage(2.0, build/logMessage, {"type":1,"message":"                    ^"})[0m
[0m[[0m[0mdebug[0m] [0m[0mjsonRpcNotify: JsonRpcNotificationMessage(2.0, build/publishDiagnostics, {"textDocument":{"uri":"file:///C:/Users/amosc/Documents/Work/pzero/project-zero/src/main/scala/Main.scala"},"buildTarget":{"uri":"file:/C:/Users/amosc/Documents/Work/pzero/project-zero/#project-zero/Compile"},"diagnostics":[{"range":{"start":{"line":0,"character":11},"end":{"line":0,"character":12}},"severity":1,"source":"sbt","message":"object mongodb is not a member of package org"}],"reset":false})[0m
[0m[[0m[31merror[0m] [0m[0mC:\Users\amosc\Documents\Work\pzero\project-zero\src\main\scala\Main.scala:1:12: object mongodb is not a member of package org[0m
[0m[[0m[31merror[0m] [0m[0mimport org.mongodb.scala._[0m
[0m[[0m[31merror[0m] [0m[0m           ^[0m
[0m[[0m[0mdebug[0m] [0m[0mjsonRpcNotify: JsonRpcNotificationMessage(2.0, build/logMessage, {"type":1,"message":"C:\\Users\\amosc\\Documents\\Work\\pzero\\project-zero\\src\\main\\scala\\Main.scala:1:12: object mongodb is not a member of package org"})[0m
[0m[[0m[0mdebug[0m] [0m[0mjsonRpcNotify: JsonRpcNotificationMessage(2.0, build/logMessage, {"type":1,"message":"import org.mongodb.scala._"})[0m
[0m[[0m[0mdebug[0m] [0m[0mjsonRpcNotify: JsonRpcNotificationMessage(2.0, build/logMessage, {"type":1,"message":"           ^"})[0m
[0m[[0m[0mdebug[0m] [0m[0mjsonRpcNotify: JsonRpcNotificationMessage(2.0, build/publishDiagnostics, {"textDocument":{"uri":"file:///C:/Users/amosc/Documents/Work/pzero/project-zero/src/main/scala/Main.scala"},"buildTarget":{"uri":"file:/C:/Users/amosc/Documents/Work/pzero/project-zero/#project-zero/Compile"},"diagnostics":[{"range":{"start":{"line":2,"character":11},"end":{"line":2,"character":12}},"severity":1,"source":"sbt","message":"object mongodb is not a member of package org"}],"reset":false})[0m
[0m[[0m[31merror[0m] [0m[0mC:\Users\amosc\Documents\Work\pzero\project-zero\src\main\scala\Main.scala:3:12: object mongodb is not a member of package org[0m
[0m[[0m[31merror[0m] [0m[0mimport org.mongodb.scala.model._[0m
[0m[[0m[31merror[0m] [0m[0m           ^[0m
[0m[[0m[0mdebug[0m] [0m[0mjsonRpcNotify: JsonRpcNotificationMessage(2.0, build/logMessage, {"type":1,"message":"C:\\Users\\amosc\\Documents\\Work\\pzero\\project-zero\\src\\main\\scala\\Main.scala:3:12: object mongodb is not a member of package org"})[0m
[0m[[0m[0mdebug[0m] [0m[0mjsonRpcNotify: JsonRpcNotificationMessage(2.0, build/logMessage, {"type":1,"message":"import org.mongodb.scala.model._"})[0m
[0m[[0m[0mdebug[0m] [0m[0mjsonRpcNotify: JsonRpcNotificationMessage(2.0, build/logMessage, {"type":1,"message":"           ^"})[0m
[0m[[0m[0mdebug[0m] [0m[0mjsonRpcNotify: JsonRpcNotificationMessage(2.0, build/publishDiagnostics, {"textDocument":{"uri":"file:///C:/Users/amosc/Documents/Work/pzero/project-zero/src/main/scala/Main.scala"},"buildTarget":{"uri":"file:/C:/Users/amosc/Documents/Work/pzero/project-zero/#project-zero/Compile"},"diagnostics":[{"range":{"start":{"line":3,"character":11},"end":{"line":3,"character":12}},"severity":1,"source":"sbt","message":"object mongodb is not a member of package org"}],"reset":false})[0m
[0m[[0m[31merror[0m] [0m[0mC:\Users\amosc\Documents\Work\pzero\project-zero\src\main\scala\Main.scala:4:12: object mongodb is not a member of package org[0m
[0m[[0m[31merror[0m] [0m[0mimport org.mongodb.scala.model.Aggregates._[0m
[0m[[0m[31merror[0m] [0m[0m           ^[0m
[0m[[0m[0mdebug[0m] [0m[0mjsonRpcNotify: JsonRpcNotificationMessage(2.0, build/logMessage, {"type":1,"message":"C:\\Users\\amosc\\Documents\\Work\\pzero\\project-zero\\src\\main\\scala\\Main.scala:4:12: object mongodb is not a member of package org"})[0m
[0m[[0m[0mdebug[0m] [0m[0mjsonRpcNotify: JsonRpcNotificationMessage(2.0, build/logMessage, {"type":1,"message":"import org.mongodb.scala.model.Aggregates._"})[0m
[0m[[0m[0mdebug[0m] [0m[0mjsonRpcNotify: JsonRpcNotificationMessage(2.0, build/logMessage, {"type":1,"message":"           ^"})[0m
[0m[[0m[0mdebug[0m] [0m[0mjsonRpcNotify: JsonRpcNotificationMessage(2.0, build/publishDiagnostics, {"textDocument":{"uri":"file:///C:/Users/amosc/Documents/Work/pzero/project-zero/src/main/scala/Main.scala"},"buildTarget":{"uri":"file:/C:/Users/amosc/Documents/Work/pzero/project-zero/#project-zero/Compile"},"diagnostics":[{"range":{"start":{"line":4,"character":11},"end":{"line":4,"character":12}},"severity":1,"source":"sbt","message":"object mongodb is not a member of package org"}],"reset":false})[0m
[0m[[0m[31merror[0m] [0m[0mC:\Users\amosc\Documents\Work\pzero\project-zero\src\main\scala\Main.scala:5:12: object mongodb is not a member of package org[0m
[0m[[0m[31merror[0m] [0m[0mimport org.mongodb.scala.model.Accumulators._[0m
[0m[[0m[31merror[0m] [0m[0m           ^[0m
[0m[[0m[0mdebug[0m] [0m[0mjsonRpcNotify: JsonRpcNotificationMessage(2.0, build/logMessage, {"type":1,"message":"C:\\Users\\amosc\\Documents\\Work\\pzero\\project-zero\\src\\main\\scala\\Main.scala:5:12: object mongodb is not a member of package org"})[0m
[0m[[0m[0mdebug[0m] [0m[0mjsonRpcNotify: JsonRpcNotificationMessage(2.0, build/logMessage, {"type":1,"message":"import org.mongodb.scala.model.Accumulators._"})[0m
[0m[[0m[0mdebug[0m] [0m[0mjsonRpcNotify: JsonRpcNotificationMessage(2.0, build/logMessage, {"type":1,"message":"           ^"})[0m
[0m[[0m[0mdebug[0m] [0m[0mjsonRpcNotify: JsonRpcNotificationMessage(2.0, build/publishDiagnostics, {"textDocument":{"uri":"file:///C:/Users/amosc/Documents/Work/pzero/project-zero/src/main/scala/Main.scala"},"buildTarget":{"uri":"file:/C:/Users/amosc/Documents/Work/pzero/project-zero/#project-zero/Compile"},"diagnostics":[{"range":{"start":{"line":5,"character":11},"end":{"line":5,"character":12}},"severity":1,"source":"sbt","message":"object mongodb is not a member of package org"}],"reset":false})[0m
[0m[[0m[31merror[0m] [0m[0mC:\Users\amosc\Documents\Work\pzero\project-zero\src\main\scala\Main.scala:6:12: object mongodb is not a member of package org[0m
[0m[[0m[31merror[0m] [0m[0mimport org.mongodb.scala.model.Sorts._[0m
[0m[[0m[31merror[0m] [0m[0m           ^[0m
[0m[[0m[0mdebug[0m] [0m[0mjsonRpcNotify: JsonRpcNotificationMessage(2.0, build/logMessage, {"type":1,"message":"C:\\Users\\amosc\\Documents\\Work\\pzero\\project-zero\\src\\main\\scala\\Main.scala:6:12: object mongodb is not a member of package org"})[0m
[0m[[0m[0mdebug[0m] [0m[0mjsonRpcNotify: JsonRpcNotificationMessage(2.0, build/logMessage, {"type":1,"message":"import org.mongodb.scala.model.Sorts._"})[0m
[0m[[0m[0mdebug[0m] [0m[0mjsonRpcNotify: JsonRpcNotificationMessage(2.0, build/logMessage, {"type":1,"message":"           ^"})[0m
[0m[[0m[0mdebug[0m] [0m[0mjsonRpcNotify: JsonRpcNotificationMessage(2.0, build/publishDiagnostics, {"textDocument":{"uri":"file:///C:/Users/amosc/Documents/Work/pzero/project-zero/src/main/scala/Main.scala"},"buildTarget":{"uri":"file:/C:/Users/amosc/Documents/Work/pzero/project-zero/#project-zero/Compile"},"diagnostics":[{"range":{"start":{"line":10,"character":11},"end":{"line":10,"character":12}},"severity":1,"source":"sbt","message":"object bson is not a member of package org"}],"reset":false})[0m
[0m[[0m[31merror[0m] [0m[0mC:\Users\amosc\Documents\Work\pzero\project-zero\src\main\scala\Main.scala:11:12: object bson is not a member of package org[0m
[0m[[0m[31merror[0m] [0m[0mimport org.bson.BsonValue[0m
[0m[[0m[31merror[0m] [0m[0m           ^[0m
[0m[[0m[0mdebug[0m] [0m[0mjsonRpcNotify: JsonRpcNotificationMessage(2.0, build/logMessage, {"type":1,"message":"C:\\Users\\amosc\\Documents\\Work\\pzero\\project-zero\\src\\main\\scala\\Main.scala:11:12: object bson is not a member of package org"})[0m
[0m[[0m[0mdebug[0m] [0m[0mjsonRpcNotify: JsonRpcNotificationMessage(2.0, build/logMessage, {"type":1,"message":"import org.bson.BsonValue"})[0m
[0m[[0m[0mdebug[0m] [0m[0mjsonRpcNotify: JsonRpcNotificationMessage(2.0, build/logMessage, {"type":1,"message":"           ^"})[0m
[0m[[0m[0mdebug[0m] [0m[0mjsonRpcNotify: JsonRpcNotificationMessage(2.0, build/publishDiagnostics, {"textDocument":{"uri":"file:///C:/Users/amosc/Documents/Work/pzero/project-zero/src/main/scala/Main.scala"},"buildTarget":{"uri":"file:/C:/Users/amosc/Documents/Work/pzero/project-zero/#project-zero/Compile"},"diagnostics":[{"range":{"start":{"line":11,"character":11},"end":{"line":11,"character":12}},"severity":1,"source":"sbt","message":"object bson is not a member of package org"}],"reset":false})[0m
[0m[[0m[31merror[0m] [0m[0mC:\Users\amosc\Documents\Work\pzero\project-zero\src\main\scala\Main.scala:12:12: object bson is not a member of package org[0m
[0m[[0m[31merror[0m] [0m[0mimport org.bson.codecs.pojo.annotations.BsonId[0m
[0m[[0m[31merror[0m] [0m[0m           ^[0m
[0m[[0m[0mdebug[0m] [0m[0mjsonRpcNotify: JsonRpcNotificationMessage(2.0, build/logMessage, {"type":1,"message":"C:\\Users\\amosc\\Documents\\Work\\pzero\\project-zero\\src\\main\\scala\\Main.scala:12:12: object bson is not a member of package org"})[0m
[0m[[0m[0mdebug[0m] [0m[0mjsonRpcNotify: JsonRpcNotificationMessage(2.0, build/logMessage, {"type":1,"message":"import org.bson.codecs.pojo.annotations.BsonId"})[0m
[0m[[0m[0mdebug[0m] [0m[0mjsonRpcNotify: JsonRpcNotificationMessage(2.0, build/logMessage, {"type":1,"message":"           ^"})[0m
[0m[[0m[0mdebug[0m] [0m[0mjsonRpcNotify: JsonRpcNotificationMessage(2.0, build/publishDiagnostics, {"textDocument":{"uri":"file:///C:/Users/amosc/Documents/Work/pzero/project-zero/src/main/scala/Main.scala"},"buildTarget":{"uri":"file:/C:/Users/amosc/Documents/Work/pzero/project-zero/#project-zero/Compile"},"diagnostics":[{"range":{"start":{"line":17,"character":14},"end":{"line":17,"character":15}},"severity":1,"source":"sbt","message":"not found: type MongoClient"}],"reset":false})[0m
[0m[[0m[31merror[0m] [0m[0mC:\Users\amosc\Documents\Work\pzero\project-zero\src\main\scala\Main.scala:18:15: not found: type MongoClient[0m
[0m[[0m[31merror[0m] [0m[0m  val client: MongoClient = MongoClient("mongodb://127.0.0.1:27017/")   // localhost: 27017[0m
[0m[[0m[31merror[0m] [0m[0m              ^[0m
[0m[[0m[0mdebug[0m] [0m[0mjsonRpcNotify: JsonRpcNotificationMessage(2.0, build/logMessage, {"type":1,"message":"C:\\Users\\amosc\\Documents\\Work\\pzero\\project-zero\\src\\main\\scala\\Main.scala:18:15: not found: type MongoClient"})[0m
[0m[[0m[0mdebug[0m] [0m[0mjsonRpcNotify: JsonRpcNotificationMessage(2.0, build/logMessage, {"type":1,"message":"  val client: MongoClient = MongoClient(\"mongodb://127.0.0.1:27017/\")   // localhost: 27017"})[0m
[0m[[0m[0mdebug[0m] [0m[0mjsonRpcNotify: JsonRpcNotificationMessage(2.0, build/logMessage, {"type":1,"message":"              ^"})[0m
[0m[[0m[0mdebug[0m] [0m[0mjsonRpcNotify: JsonRpcNotificationMessage(2.0, build/publishDiagnostics, {"textDocument":{"uri":"file:///C:/Users/amosc/Documents/Work/pzero/project-zero/src/main/scala/Main.scala"},"buildTarget":{"uri":"file:/C:/Users/amosc/Documents/Work/pzero/project-zero/#project-zero/Compile"},"diagnostics":[{"range":{"start":{"line":17,"character":28},"end":{"line":17,"character":29}},"severity":1,"source":"sbt","message":"not found: value MongoClient"}],"reset":false})[0m
[0m[[0m[31merror[0m] [0m[0mC:\Users\amosc\Documents\Work\pzero\project-zero\src\main\scala\Main.scala:18:29: not found: value MongoClient[0m
[0m[[0m[31merror[0m] [0m[0m  val client: MongoClient = MongoClient("mongodb://127.0.0.1:27017/")   // localhost: 27017[0m
[0m[[0m[31merror[0m] [0m[0m                            ^[0m
[0m[[0m[0mdebug[0m] [0m[0mjsonRpcNotify: JsonRpcNotificationMessage(2.0, build/logMessage, {"type":1,"message":"C:\\Users\\amosc\\Documents\\Work\\pzero\\project-zero\\src\\main\\scala\\Main.scala:18:29: not found: value MongoClient"})[0m
[0m[[0m[0mdebug[0m] [0m[0mjsonRpcNotify: JsonRpcNotificationMessage(2.0, build/logMessage, {"type":1,"message":"  val client: MongoClient = MongoClient(\"mongodb://127.0.0.1:27017/\")   // localhost: 27017"})[0m
[0m[[0m[0mdebug[0m] [0m[0mjsonRpcNotify: JsonRpcNotificationMessage(2.0, build/logMessage, {"type":1,"message":"                            ^"})[0m
[0m[[0m[0mdebug[0m] [0m[0mjsonRpcNotify: JsonRpcNotificationMessage(2.0, build/publishDiagnostics, {"textDocument":{"uri":"file:///C:/Users/amosc/Documents/Work/pzero/project-zero/src/main/scala/Main.scala"},"buildTarget":{"uri":"file:/C:/Users/amosc/Documents/Work/pzero/project-zero/#project-zero/Compile"},"diagnostics":[{"range":{"start":{"line":35,"character":16},"end":{"line":35,"character":17}},"severity":1,"source":"sbt","message":"not found: type MongoDatabase"}],"reset":false})[0m
[0m[[0m[31merror[0m] [0m[0mC:\Users\amosc\Documents\Work\pzero\project-zero\src\main\scala\Main.scala:36:17: not found: type MongoDatabase[0m
[0m[[0m[31merror[0m] [0m[0m  val database: MongoDatabase = client.getDatabase("test")    // use test[0m
[0m[[0m[31merror[0m] [0m[0m                ^[0m
[0m[[0m[0mdebug[0m] [0m[0mjsonRpcNotify: JsonRpcNotificationMessage(2.0, build/logMessage, {"type":1,"message":"C:\\Users\\amosc\\Documents\\Work\\pzero\\project-zero\\src\\main\\scala\\Main.scala:36:17: not found: type MongoDatabase"})[0m
[0m[[0m[0mdebug[0m] [0m[0mjsonRpcNotify: JsonRpcNotificationMessage(2.0, build/logMessage, {"type":1,"message":"  val database: MongoDatabase = client.getDatabase(\"test\")    // use test"})[0m
[0m[[0m[0mdebug[0m] [0m[0mjsonRpcNotify: JsonRpcNotificationMessage(2.0, build/logMessage, {"type":1,"message":"                ^"})[0m
[0m[[0m[0mdebug[0m] [0m[0mjsonRpcNotify: JsonRpcNotificationMessage(2.0, build/publishDiagnostics, {"textDocument":{"uri":"file:///C:/Users/amosc/Documents/Work/pzero/project-zero/src/main/scala/Main.scala"},"buildTarget":{"uri":"file:/C:/Users/amosc/Documents/Work/pzero/project-zero/#project-zero/Compile"},"diagnostics":[{"range":{"start":{"line":38,"character":18},"end":{"line":38,"character":19}},"severity":1,"source":"sbt","message":"not found: type MongoCollection"}],"reset":false})[0m
[0m[[0m[31merror[0m] [0m[0mC:\Users\amosc\Documents\Work\pzero\project-zero\src\main\scala\Main.scala:39:19: not found: type MongoCollection[0m
[0m[[0m[31merror[0m] [0m[0m  val collection: MongoCollection[Document] = database.getCollection("mgPractice")    // db.mgPractice[0m
[0m[[0m[31merror[0m] [0m[0m                  ^[0m
[0m[[0m[0mdebug[0m] [0m[0mjsonRpcNotify: JsonRpcNotificationMessage(2.0, build/logMessage, {"type":1,"message":"C:\\Users\\amosc\\Documents\\Work\\pzero\\project-zero\\src\\main\\scala\\Main.scala:39:19: not found: type MongoCollection"})[0m
[0m[[0m[0mdebug[0m] [0m[0mjsonRpcNotify: JsonRpcNotificationMessage(2.0, build/logMessage, {"type":1,"message":"  val collection: MongoCollection[Document] = database.getCollection(\"mgPractice\")    // db.mgPractice"})[0m
[0m[[0m[0mdebug[0m] [0m[0mjsonRpcNotify: JsonRpcNotificationMessage(2.0, build/logMessage, {"type":1,"message":"                  ^"})[0m
[0m[[0m[31merror[0m] [0m[0m17 errors found[0m
[0m[[0m[0mdebug[0m] [0m[0mjsonRpcNotify: JsonRpcNotificationMessage(2.0, build/logMessage, {"type":1,"message":"17 errors found"})[0m
[0m[[0m[0mdebug[0m] [0m[0mjsonRpcNotify: JsonRpcNotificationMessage(2.0, build/publishDiagnostics, {"textDocument":{"uri":"file:///C:/Users/amosc/Documents/Work/pzero/project-zero/src/main/scala/Helpers.scala"},"buildTarget":{"uri":"file:/C:/Users/amosc/Documents/Work/pzero/project-zero/#project-zero/Compile"},"diagnostics":[{"range":{"start":{"line":7,"character":11},"end":{"line":7,"character":12}},"severity":1,"source":"sbt","message":"object mongodb is not a member of package org"},{"range":{"start":{"line":11,"character":104},"end":{"line":11,"character":105}},"severity":1,"source":"sbt","message":"not found: type Document"},{"range":{"start":{"line":11,"character":55},"end":{"line":11,"character":56}},"severity":1,"source":"sbt","message":"not found: type Observable"},{"range":{"start":{"line":12,"character":29},"end":{"line":12,"character":30}},"severity":1,"source":"sbt","message":"not found: type Document"},{"range":{"start":{"line":15,"character":54},"end":{"line":15,"character":55}},"severity":1,"source":"sbt","message":"not found: type Observable"},{"range":{"start":{"line":20,"character":20},"end":{"line":20,"character":21}},"severity":1,"source":"sbt","message":"not found: type Observable"}],"reset":true})[0m
[0m[[0m[0mdebug[0m] [0m[0mjsonRpcNotify: JsonRpcNotificationMessage(2.0, build/publishDiagnostics, {"textDocument":{"uri":"file:///C:/Users/amosc/Documents/Work/pzero/project-zero/src/main/scala/Main.scala"},"buildTarget":{"uri":"file:/C:/Users/amosc/Documents/Work/pzero/project-zero/#project-zero/Compile"},"diagnostics":[{"range":{"start":{"line":0,"character":11},"end":{"line":0,"character":12}},"severity":1,"source":"sbt","message":"object mongodb is not a member of package org"},{"range":{"start":{"line":2,"character":11},"end":{"line":2,"character":12}},"severity":1,"source":"sbt","message":"object mongodb is not a member of package org"},{"range":{"start":{"line":3,"character":11},"end":{"line":3,"character":12}},"severity":1,"source":"sbt","message":"object mongodb is not a member of package org"},{"range":{"start":{"line":4,"character":11},"end":{"line":4,"character":12}},"severity":1,"source":"sbt","message":"object mongodb is not a member of package org"},{"range":{"start":{"line":5,"character":11},"end":{"line":5,"character":12}},"severity":1,"source":"sbt","message":"object mongodb is not a member of package org"},{"range":{"start":{"line":10,"character":11},"end":{"line":10,"character":12}},"severity":1,"source":"sbt","message":"object bson is not a member of package org"},{"range":{"start":{"line":11,"character":11},"end":{"line":11,"character":12}},"severity":1,"source":"sbt","message":"object bson is not a member of package org"},{"range":{"start":{"line":17,"character":14},"end":{"line":17,"character":15}},"severity":1,"source":"sbt","message":"not found: type MongoClient"},{"range":{"start":{"line":17,"character":28},"end":{"line":17,"character":29}},"severity":1,"source":"sbt","message":"not found: value MongoClient"},{"range":{"start":{"line":35,"character":16},"end":{"line":35,"character":17}},"severity":1,"source":"sbt","message":"not found: type MongoDatabase"},{"range":{"start":{"line":38,"character":18},"end":{"line":38,"character":19}},"severity":1,"source":"sbt","message":"not found: type MongoCollection"}],"reset":true})[0m
[0m[[0m[0mdebug[0m] [0m[0mjsonRpcNotify: JsonRpcNotificationMessage(2.0, build/taskFinish, {"taskId":{"id":"4","parents":[]},"eventTime":1634569182999,"message":"Compiled project-zero","status":2,"dataKind":"compile-report","data":{"target":{"uri":"file:/C:/Users/amosc/Documents/Work/pzero/project-zero/#project-zero/Compile"},"errors":17,"warnings":0,"time":369}})[0m
[0m[[0m[0mdebug[0m] [0m[0munmatched json error for requestId None: {"code":-32603,"message":"(Compile / \u001b[31mcompileIncremental\u001b[0m) Compilation failed"}[0m
[0m[[0m[31merror[0m] [0m[0m(Compile / [31mcompileIncremental[0m) Compilation failed[0m
[0m[[0m[0mdebug[0m] [0m[0mjsonRpcNotify: JsonRpcNotificationMessage(2.0, build/logMessage, {"type":1,"message":"(Compile / \u001b[31mcompileIncremental\u001b[0m) Compilation failed"})[0m
[0m[[0m[31merror[0m] [0m[0mTotal time: 0 s, completed Oct 18, 2021, 10:59:43 AM[0m
[0m[[0m[0mdebug[0m] [0m[0munmatched Done event for requestId None: None[0m
[0m[[0m[0mdebug[0m] [0m[0m> Exec(shell, None, None)[0m
