[0m2021.10.18 10:57:24 INFO  Started: Metals version 0.10.7 in workspace 'C:\Users\amosc\Documents\Work\pzero\project-zero' for client Visual Studio Code 1.61.1.[0m
[0m2021.10.18 10:57:31 INFO  time: initialize in 7.18s[0m
[0m2021.10.18 10:57:33 WARN  Build server is not auto-connectable.[0m
[0m2021.10.18 10:57:33 WARN  no build target for: C:\Users\amosc\Documents\Work\pzero\project-zero\build.sbt[0m
[0m2021.10.18 10:57:37 INFO  running 'C:\Users\amosc\.jabba\jdk\adopt@1.11.0-11\bin\java -Djline.terminal=jline.UnsupportedTerminal -Dsbt.log.noformat=true -Dfile.encoding=UTF-8 -jar C:\Users\amosc\AppData\Local\Temp\metals266680524591022630\sbt-launch.jar -Dbloop.export-jar-classifiers=sources bloopInstall'[0m
[0m2021.10.18 10:57:40 INFO  no build target: using presentation compiler with only scala-library: 2.12.15[0m
[0m2021.10.18 10:57:45 INFO  [info] welcome to sbt 1.5.5 (AdoptOpenJDK Java 11.0.11)[0m
[0m2021.10.18 10:57:47 INFO  no build target: using presentation compiler with only scala-library: 2.13.6[0m
[0m2021.10.18 10:57:50 INFO  [info] loading settings for project project-zero-build-build from metals.sbt ...[0m
[0m2021.10.18 10:57:51 INFO  [info] loading project definition from C:\Users\amosc\Documents\Work\pzero\project-zero\project\project[0m
[0m2021.10.18 10:57:54 INFO  time: code lens generation in 14s[0m
[0m2021.10.18 10:57:54 INFO  time: code lens generation in 13s[0m
[0m2021.10.18 10:57:54 INFO  time: code lens generation in 17s[0m
[0m2021.10.18 10:57:54 INFO  time: code lens generation in 21s[0m
Oct 18, 2021 10:57:54 AM org.eclipse.lsp4j.jsonrpc.RemoteEndpoint handleCancellation
WARNING: Unmatched cancel notification for request id 15
[0m2021.10.18 10:57:54 WARN  no build target for: C:\Users\amosc\Documents\Work\pzero\project-zero\build.sbt[0m
Oct 18, 2021 10:57:54 AM org.eclipse.lsp4j.jsonrpc.RemoteEndpoint handleCancellation
WARNING: Unmatched cancel notification for request id 19
[0m2021.10.18 10:57:54 WARN  no build target for: C:\Users\amosc\Documents\Work\pzero\project-zero\src\main\scala\Main.scala[0m
Oct 18, 2021 10:57:54 AM org.eclipse.lsp4j.jsonrpc.RemoteEndpoint handleCancellation
WARNING: Unmatched cancel notification for request id 11
Oct 18, 2021 10:57:54 AM org.eclipse.lsp4j.jsonrpc.RemoteEndpoint handleCancellation
WARNING: Unmatched cancel notification for request id 13
Oct 18, 2021 10:57:54 AM org.eclipse.lsp4j.jsonrpc.RemoteEndpoint handleCancellation
WARNING: Unmatched cancel notification for request id 21
[0m2021.10.18 10:57:58 INFO  [info] loading settings for project project-zero-build from metals.sbt ...[0m
[0m2021.10.18 10:57:58 INFO  [info] loading project definition from C:\Users\amosc\Documents\Work\pzero\project-zero\project[0m
[0m2021.10.18 10:58:04 INFO  running 'C:\Users\amosc\.jabba\jdk\adopt@1.11.0-11\bin\java -Djline.terminal=jline.UnsupportedTerminal -Dsbt.log.noformat=true -Dfile.encoding=UTF-8 -jar C:\Users\amosc\AppData\Local\Temp\metals17487724213338613791\sbt-launch.jar -Dbloop.export-jar-classifiers=sources bloopInstall'[0m
[0m2021.10.18 10:58:08 INFO  [success] Generated .bloop\project-zero-build.json[0m
[0m2021.10.18 10:58:08 INFO  [success] Total time: 10 s, completed Oct 18, 2021, 10:58:09 AM[0m
Oct 18, 2021 10:58:11 AM org.eclipse.lsp4j.jsonrpc.RemoteEndpoint fallbackResponseError
SEVERE: Internal error: java.lang.reflect.InvocationTargetException
java.lang.RuntimeException: java.lang.reflect.InvocationTargetException
	at org.eclipse.lsp4j.jsonrpc.services.GenericEndpoint.lambda$null$0(GenericEndpoint.java:67)
	at org.eclipse.lsp4j.jsonrpc.services.GenericEndpoint.request(GenericEndpoint.java:120)
	at org.eclipse.lsp4j.jsonrpc.RemoteEndpoint.handleRequest(RemoteEndpoint.java:261)
	at org.eclipse.lsp4j.jsonrpc.RemoteEndpoint.consume(RemoteEndpoint.java:190)
	at org.eclipse.lsp4j.jsonrpc.json.StreamMessageProducer.handleMessage(StreamMessageProducer.java:194)
	at org.eclipse.lsp4j.jsonrpc.json.StreamMessageProducer.listen(StreamMessageProducer.java:94)
	at org.eclipse.lsp4j.jsonrpc.json.ConcurrentMessageProcessor.run(ConcurrentMessageProcessor.java:113)
	at java.base/java.util.concurrent.Executors$RunnableAdapter.call(Executors.java:515)
	at java.base/java.util.concurrent.FutureTask.run(FutureTask.java:264)
	at java.base/java.util.concurrent.ThreadPoolExecutor.runWorker(ThreadPoolExecutor.java:1128)
	at java.base/java.util.concurrent.ThreadPoolExecutor$Worker.run(ThreadPoolExecutor.java:628)
	at java.base/java.lang.Thread.run(Thread.java:829)
Caused by: java.lang.reflect.InvocationTargetException
	at java.base/jdk.internal.reflect.NativeMethodAccessorImpl.invoke0(Native Method)
	at java.base/jdk.internal.reflect.NativeMethodAccessorImpl.invoke(NativeMethodAccessorImpl.java:62)
	at java.base/jdk.internal.reflect.DelegatingMethodAccessorImpl.invoke(DelegatingMethodAccessorImpl.java:43)
	at java.base/java.lang.reflect.Method.invoke(Method.java:566)
	at org.eclipse.lsp4j.jsonrpc.services.GenericEndpoint.lambda$null$0(GenericEndpoint.java:65)
	... 11 more
Caused by: java.lang.IllegalArgumentException: 59 is not a valid line number, allowed [0..3]
	at scala.meta.internal.inputs.InternalInput.lineToOffset(InternalInput.scala:37)
	at scala.meta.internal.inputs.InternalInput.lineToOffset$(InternalInput.scala:32)
	at scala.meta.inputs.Input$VirtualFile.lineToOffset(Input.scala:80)
	at scala.meta.inputs.Position$Range$.apply(Position.scala:59)
	at scala.meta.internal.mtags.MtagsEnrichments$XtensionPositionLspInverse.toMeta(MtagsEnrichments.scala:121)
	at scala.meta.internal.parsing.Trees.$anonfun$findLastEnclosingAt$4(Trees.scala:77)
	at scala.Option.flatMap(Option.scala:271)
	at scala.meta.internal.parsing.Trees.findLastEnclosingAt(Trees.scala:76)
	at scala.meta.internal.metals.codeactions.PatternMatchRefactor.contribute(PatternMatchRefactor.scala:96)
	at scala.meta.internal.metals.CodeActionProvider$$anonfun$1.applyOrElse(CodeActionProvider.scala:62)
	at scala.meta.internal.metals.CodeActionProvider$$anonfun$1.applyOrElse(CodeActionProvider.scala:61)
	at scala.collection.immutable.List.collect(List.scala:323)
	at scala.meta.internal.metals.CodeActionProvider.codeActions(CodeActionProvider.scala:61)
	at scala.meta.internal.metals.MetalsLanguageServer.$anonfun$codeAction$1(MetalsLanguageServer.scala:1518)
	at scala.meta.internal.metals.CancelTokens$.future(CancelTokens.scala:38)
	at scala.meta.internal.metals.MetalsLanguageServer.codeAction(MetalsLanguageServer.scala:1517)
	... 16 more

Oct 18, 2021 10:58:11 AM org.eclipse.lsp4j.jsonrpc.RemoteEndpoint handleCancellation
WARNING: Unmatched cancel notification for request id 31
[0m2021.10.18 10:58:11 INFO  time: ran 'sbt bloopInstall' in 6.48s[0m
[0m2021.10.18 10:58:11 ERROR sbt command failed: C:\Users\amosc\.jabba\jdk\adopt@1.11.0-11\bin\java -Djline.terminal=jline.UnsupportedTerminal -Dsbt.log.noformat=true -Dfile.encoding=UTF-8 -jar C:\Users\amosc\AppData\Local\Temp\metals17487724213338613791\sbt-launch.jar -Dbloop.export-jar-classifiers=sources bloopInstall[0m
[0m2021.10.18 10:58:14 INFO  [info] loading settings for project project-zero from build.sbt ...[0m
[0m2021.10.18 10:58:14 INFO  [info] set current project to hello-world (in build file:/C:/Users/amosc/Documents/Work/pzero/project-zero/)[0m
[0m2021.10.18 10:58:16 INFO  [success] Generated .bloop\project-zero.json[0m
[0m2021.10.18 10:58:16 INFO  [success] Generated .bloop\project-zero-test.json[0m
[0m2021.10.18 10:58:16 INFO  [success] Total time: 2 s, completed Oct 18, 2021, 10:58:16 AM[0m
[0m2021.10.18 10:58:16 INFO  time: ran 'sbt bloopInstall' in 39s[0m
[0m2021.10.18 10:58:16 INFO  Attempting to connect to the build server...[0m
Starting the bsp launcher for bloop...
Opening a bsp server connection with 'bsp --protocol tcp --port 11620'...
Waiting for the bsp connection to come up...
[0m[32m[D][0m Loading 2 projects from 'c:\Users\amosc\Documents\Work\pzero\project-zero\.bloop'...
[0m[32m[D][0m Loading project from 'c:\Users\amosc\Documents\Work\pzero\project-zero\.bloop\project-zero-test.json'
[0m[32m[D][0m Loading project from 'c:\Users\amosc\Documents\Work\pzero\project-zero\.bloop\project-zero.json'
[0m[32m[D][0m Missing analysis file for project 'project-zero'
[0m[32m[D][0m Missing analysis file for project 'project-zero-test'
[0m[32m[D][0m Waiting for a connection at 127.0.0.1:11620...
The server is listening for incoming connections at tcp://127.0.0.1:11620...
Starting thread that pumps stdin and redirects it to the bsp server...
Starting thread that pumps server stdout and redirects it to the client stdout...
[0m2021.10.18 10:58:17 INFO  tracing is disabled for protocol BSP, to enable tracing of incoming and outgoing JSON messages create an empty file at C:\Users\amosc\AppData\Local\scalameta\metals\cache\bsp.trace.json[0m
[0m2021.10.18 10:58:17 INFO  Attempting to connect to the build server...[0m
Starting the bsp launcher for bloop...
Opening a bsp server connection with 'bsp --protocol tcp --port 24984'...
Waiting for the bsp connection to come up...
[0m[32m[D][0m Loading workspace settings from bloop.settings.json
[0m[32m[D][0m Waiting for a connection at 127.0.0.1:24984...
The server is listening for incoming connections at tcp://127.0.0.1:24984...
Starting thread that pumps stdin and redirects it to the bsp server...
Starting thread that pumps server stdout and redirects it to the client stdout...
[0m2021.10.18 10:58:18 INFO  tracing is disabled for protocol BSP, to enable tracing of incoming and outgoing JSON messages create an empty file at C:\Users\amosc\AppData\Local\scalameta\metals\cache\bsp.trace.json[0m
[0m2021.10.18 10:58:18 INFO  time: Connected to build server in 1.64s[0m
[0m2021.10.18 10:58:18 INFO  Connected to Build server: Bloop v1.4.9[0m
[0m2021.10.18 10:58:24 INFO  time: indexed workspace in 6.47s[0m
[0m2021.10.18 10:58:25 INFO  compiling project-zero (1 scala source)[0m
[0m2021.10.18 10:58:27 INFO  no build target: using presentation compiler with only scala-library: 2.13.6[0m
[0m2021.10.18 10:58:29 INFO  time: compiled project-zero in 4s[0m
[0m2021.10.18 10:58:29 INFO  compiling project-zero (1 scala source)[0m
[0m2021.10.18 10:58:30 INFO  time: compiled project-zero in 1.42s[0m
Oct 18, 2021 10:58:41 AM org.eclipse.lsp4j.jsonrpc.RemoteEndpoint handleCancellation
WARNING: Unmatched cancel notification for request id 66
[0m2021.10.18 10:58:43 INFO  skipping build import with status 'Installed'[0m
[0m2021.10.18 10:58:55 INFO  running 'C:\Users\amosc\.jabba\jdk\adopt@1.11.0-11\bin\java -Djline.terminal=jline.UnsupportedTerminal -Dsbt.log.noformat=true -Dfile.encoding=UTF-8 -jar C:\Users\amosc\AppData\Local\Temp\metals8597471271556496970\sbt-launch.jar -Dbloop.export-jar-classifiers=sources bloopInstall'[0m
[0m2021.10.18 10:58:58 INFO  [info] welcome to sbt 1.5.5 (AdoptOpenJDK Java 11.0.11)[0m
[0m2021.10.18 10:58:59 INFO  [info] loading settings for project project-zero-build-build from metals.sbt ...[0m
[0m2021.10.18 10:59:00 INFO  [info] loading project definition from C:\Users\amosc\Documents\Work\pzero\project-zero\project\project[0m
[0m2021.10.18 10:59:02 INFO  [info] loading settings for project project-zero-build from metals.sbt ...[0m
[0m2021.10.18 10:59:02 INFO  [info] loading project definition from C:\Users\amosc\Documents\Work\pzero\project-zero\project[0m
[0m2021.10.18 10:59:07 INFO  [success] Generated .bloop\project-zero-build.json[0m
[0m2021.10.18 10:59:07 INFO  [success] Total time: 4 s, completed Oct 18, 2021, 10:59:07 AM[0m
[0m2021.10.18 10:59:07 INFO  [info] loading settings for project project-zero from build.sbt ...[0m
[0m2021.10.18 10:59:07 INFO  [info] set current project to hello-world (in build file:/C:/Users/amosc/Documents/Work/pzero/project-zero/)[0m
[0m2021.10.18 10:59:08 INFO  [success] Generated .bloop\project-zero.json[0m
[0m2021.10.18 10:59:08 INFO  [success] Generated .bloop\project-zero-test.json[0m
[0m2021.10.18 10:59:08 INFO  [success] Total time: 1 s, completed Oct 18, 2021, 10:59:08 AM[0m
[0m2021.10.18 10:59:08 INFO  time: ran 'sbt bloopInstall' in 12s[0m
[0m2021.10.18 10:59:08 INFO  Disconnecting from Bloop session...[0m
[0m2021.10.18 10:59:08 INFO  Shut down connection with build server.[0m
[0m2021.10.18 10:59:08 INFO  Shut down connection with build server.[0m
No more data in the client stdin, exiting...
No more data in the client stdin, exiting...
No more data in the server stdin, exiting...
No more data in the server stdin, exiting...
[0m2021.10.18 10:59:08 INFO  Attempting to connect to the build server...[0m
Starting the bsp launcher for bloop...
Opening a bsp server connection with 'bsp --protocol tcp --port 23717'...
Waiting for the bsp connection to come up...
[0m[32m[D][0m Loading workspace settings from bloop.settings.json
[0m[32m[D][0m Waiting for a connection at 127.0.0.1:23717...
The server is listening for incoming connections at tcp://127.0.0.1:23717...
Starting thread that pumps stdin and redirects it to the bsp server...
Starting thread that pumps server stdout and redirects it to the client stdout...
[0m2021.10.18 10:59:08 INFO  tracing is disabled for protocol BSP, to enable tracing of incoming and outgoing JSON messages create an empty file at C:\Users\amosc\AppData\Local\scalameta\metals\cache\bsp.trace.json[0m
[0m2021.10.18 10:59:08 INFO  Attempting to connect to the build server...[0m
Starting the bsp launcher for bloop...
Opening a bsp server connection with 'bsp --protocol tcp --port 34176'...
Waiting for the bsp connection to come up...
[0m[32m[D][0m Loading workspace settings from bloop.settings.json
[0m[32m[D][0m Waiting for a connection at 127.0.0.1:34176...
The server is listening for incoming connections at tcp://127.0.0.1:34176...
Starting thread that pumps stdin and redirects it to the bsp server...
Starting thread that pumps server stdout and redirects it to the client stdout...
[0m2021.10.18 10:59:09 INFO  tracing is disabled for protocol BSP, to enable tracing of incoming and outgoing JSON messages create an empty file at C:\Users\amosc\AppData\Local\scalameta\metals\cache\bsp.trace.json[0m
[0m2021.10.18 10:59:09 INFO  time: Connected to build server in 1.16s[0m
[0m2021.10.18 10:59:09 INFO  Connected to Build server: Bloop v1.4.9[0m
[0m2021.10.18 10:59:12 INFO  time: indexed workspace in 2.52s[0m
[0m2021.10.18 10:59:12 INFO  compiling project-zero (1 scala source)[0m
[0m2021.10.18 10:59:14 INFO  no build target: using presentation compiler with only scala-library: 2.13.6[0m
[0m2021.10.18 10:59:14 INFO  time: compiled project-zero in 2.22s[0m
[0m2021.10.18 10:59:15 INFO  time: code lens generation in 2.52s[0m
Oct 18, 2021 10:59:16 AM org.eclipse.lsp4j.jsonrpc.RemoteEndpoint handleCancellation
WARNING: Unmatched cancel notification for request id 93
[0m2021.10.18 10:59:32 INFO  compiling project-zero (2 scala sources)[0m
[0m2021.10.18 10:59:32 INFO  time: compiled project-zero in 0.41s[0m
[0m2021.10.18 10:59:34 INFO  compiling project-zero (2 scala sources)[0m
[0m2021.10.18 10:59:34 INFO  time: compiled project-zero in 0.31s[0m
[0m2021.10.18 10:59:37 INFO  compiling project-zero (2 scala sources)[0m
[0m2021.10.18 10:59:39 WARN  1 deprecation (since 2.13.3); re-run with -deprecation for details[0m
[0m2021.10.18 10:59:39 INFO  time: compiled project-zero in 2.94s[0m
[0m2021.10.18 11:00:22 INFO  shutting down Metals[0m
[0m2021.10.18 11:00:22 INFO  Shut down connection with build server.[0m
[0m2021.10.18 11:00:22 INFO  Shut down connection with build server.[0m
No more data in the client stdin, exiting...
No more data in the server stdin, exiting...
No more data in the client stdin, exiting...
No more data in the server stdin, exiting...
[0m2021.10.18 11:02:11 INFO  Started: Metals version 0.10.7 in workspace 'C:\Users\amosc\Documents\Work\pzero\project-zero' for client Visual Studio Code 1.61.1.[0m
[0m2021.10.18 11:02:14 INFO  time: initialize in 3.39s[0m
[0m2021.10.18 11:02:16 INFO  Attempting to connect to the build server...[0m
[0m2021.10.18 11:02:15 WARN  no build target for: C:\Users\amosc\Documents\Work\pzero\project-zero\src\main\scala\Main.scala[0m
[0m2021.10.18 11:02:16 INFO  skipping build import with status 'Installed'[0m
Starting the bsp launcher for bloop...
Opening a bsp server connection with 'bsp --protocol tcp --port 42068'...
Waiting for the bsp connection to come up...
[0m[32m[D][0m Loading workspace settings from bloop.settings.json
[0m[32m[D][0m Waiting for a connection at 127.0.0.1:42068...
The server is listening for incoming connections at tcp://127.0.0.1:42068...
Starting thread that pumps stdin and redirects it to the bsp server...
Starting thread that pumps server stdout and redirects it to the client stdout...
[0m2021.10.18 11:02:18 INFO  tracing is disabled for protocol BSP, to enable tracing of incoming and outgoing JSON messages create an empty file at C:\Users\amosc\AppData\Local\scalameta\metals\cache\bsp.trace.json[0m
[0m2021.10.18 11:02:18 INFO  Attempting to connect to the build server...[0m
Starting the bsp launcher for bloop...
Opening a bsp server connection with 'bsp --protocol tcp --port 36354'...
Waiting for the bsp connection to come up...
[0m[32m[D][0m Loading workspace settings from bloop.settings.json
[0m[32m[D][0m Waiting for a connection at 127.0.0.1:36354...
The server is listening for incoming connections at tcp://127.0.0.1:36354...
Starting thread that pumps stdin and redirects it to the bsp server...
Starting thread that pumps server stdout and redirects it to the client stdout...
[0m2021.10.18 11:02:19 INFO  tracing is disabled for protocol BSP, to enable tracing of incoming and outgoing JSON messages create an empty file at C:\Users\amosc\AppData\Local\scalameta\metals\cache\bsp.trace.json[0m
[0m2021.10.18 11:02:19 INFO  time: Connected to build server in 3.71s[0m
[0m2021.10.18 11:02:19 INFO  Connected to Build server: Bloop v1.4.9[0m
[0m2021.10.18 11:02:22 INFO  no build target: using presentation compiler with only scala-library: 2.13.6[0m
[0m2021.10.18 11:02:24 INFO  time: Imported build in 0.2s[0m
